0 info it worked if it ends with ok
1 verbose cli [ '/usr/local/bin/node', '/usr/local/bin/npm', 'run', 'e2e-test' ]
2 info using npm@3.10.8
3 info using node@v6.3.1
4 verbose run-script [ 'pree2e-test', 'e2e-test', 'poste2e-test' ]
5 info lifecycle roy_forums_ui@1.0.0~pree2e-test: roy_forums_ui@1.0.0
6 silly lifecycle roy_forums_ui@1.0.0~pree2e-test: no script for pree2e-test, continuing
7 info lifecycle roy_forums_ui@1.0.0~e2e-test: roy_forums_ui@1.0.0
8 verbose lifecycle roy_forums_ui@1.0.0~e2e-test: unsafe-perm in lifecycle true
9 verbose lifecycle roy_forums_ui@1.0.0~e2e-test: PATH: /usr/local/lib/node_modules/npm/bin/node-gyp-bin:/Users/elchroy/Roy/Code/code_ruby/roy_forums_ui/node_modules/.bin:/Users/elchroy/.rvm/gems/ruby-2.3.0/bin:/Users/elchroy/.rvm/gems/ruby-2.3.0@global/bin:/Users/elchroy/.rvm/rubies/ruby-2.3.0/bin:/usr/local/share/python:/usr/local/bin:/usr/bin:/bin:/usr/sbin:/sbin:/Users/elchroy/golang/src/github.com/andela/bin:/usr/local/opt/go/libexec/bin:/Users/elchroy/.rvm/bin
10 verbose lifecycle roy_forums_ui@1.0.0~e2e-test: CWD: /Users/elchroy/Roy/Code/code_ruby/roy_forums_ui
11 silly lifecycle roy_forums_ui@1.0.0~e2e-test: Args: [ '-c', './ete.sh' ]
12 silly lifecycle roy_forums_ui@1.0.0~e2e-test: Returned: code: 1  signal: null
13 info lifecycle roy_forums_ui@1.0.0~e2e-test: Failed to exec e2e-test script
14 verbose stack Error: roy_forums_ui@1.0.0 e2e-test: `./ete.sh`
14 verbose stack Exit status 1
14 verbose stack     at EventEmitter.<anonymous> (/usr/local/lib/node_modules/npm/lib/utils/lifecycle.js:255:16)
14 verbose stack     at emitTwo (events.js:106:13)
14 verbose stack     at EventEmitter.emit (events.js:191:7)
14 verbose stack     at ChildProcess.<anonymous> (/usr/local/lib/node_modules/npm/lib/utils/spawn.js:40:14)
14 verbose stack     at emitTwo (events.js:106:13)
14 verbose stack     at ChildProcess.emit (events.js:191:7)
14 verbose stack     at maybeClose (internal/child_process.js:852:16)
14 verbose stack     at Process.ChildProcess._handle.onexit (internal/child_process.js:215:5)
15 verbose pkgid roy_forums_ui@1.0.0
16 verbose cwd /Users/elchroy/Roy/Code/code_ruby/roy_forums_ui
17 error Darwin 16.1.0
18 error argv "/usr/local/bin/node" "/usr/local/bin/npm" "run" "e2e-test"
19 error node v6.3.1
20 error npm  v3.10.8
21 error code ELIFECYCLE
22 error roy_forums_ui@1.0.0 e2e-test: `./ete.sh`
22 error Exit status 1
23 error Failed at the roy_forums_ui@1.0.0 e2e-test script './ete.sh'.
23 error Make sure you have the latest version of node.js and npm installed.
23 error If you do, this is most likely a problem with the roy_forums_ui package,
23 error not with npm itself.
23 error Tell the author that this fails on your system:
23 error     ./ete.sh
23 error You can get information on how to open an issue for this project with:
23 error     npm bugs roy_forums_ui
23 error Or if that isn't available, you can get their info via:
23 error     npm owner ls roy_forums_ui
23 error There is likely additional logging output above.
24 verbose exit [ 1, true ]
